# JRE version: OpenJDK Runtime Environment Microsoft-8297089 (17.0.8.1+1) (build 17.0.8.1+1-LTS)
# Java VM: OpenJDK 64-Bit Server VM Microsoft-8297089 (17.0.8.1+1-LTS, mixed mode, sharing, tiered, compressed oops, compressed class ptrs, g1 gc, windows-amd64)
GC Precious Log:
 CPUs: 4 total, 4 available
 Memory: 8059M
 Large Page Support: Disabled
 NUMA Support: Disabled
 Compressed Oops: Enabled (32-bit)
 Heap Region Size: 1M
 Heap Min Capacity: 8M
 Heap Initial Capacity: 126M
 Heap Max Capacity: 2G
 Pre-touch: Disabled
 Parallel Workers: 4
 Concurrent Workers: 1
 Concurrent Refinement Workers: 4
 Periodic GC: Disabled
Heap:
 garbage-first heap   total 312320K, used 240622K [0x0000000080000000, 0x0000000100000000)
  region size 1024K, 87 young (89088K), 8 survivors (8192K)
 Metaspace       used 97755K, committed 98752K, reserved 557056K
  class space    used 13692K, committed 14208K, reserved 425984K
GC Heap History (20 events):
Event: 34.789 GC heap before
{Heap before GC invocations=39 (full 0):
 garbage-first heap   total 209920K, used 159616K [0x0000000080000000, 0x0000000100000000)
  region size 1024K, 75 young (76800K), 9 survivors (9216K)
 Metaspace       used 84240K, committed 85056K, reserved 557056K
  class space    used 11910K, committed 12288K, reserved 425984K
}
Event: 34.804 GC heap after
{Heap after GC invocations=40 (full 0):
 garbage-first heap   total 209920K, used 93338K [0x0000000080000000, 0x0000000100000000)
  region size 1024K, 7 young (7168K), 7 survivors (7168K)
 Metaspace       used 84240K, committed 85056K, reserved 557056K
  class space    used 11910K, committed 12288K, reserved 425984K
}
Event: 37.581 GC heap before
{Heap before GC invocations=40 (full 0):
 garbage-first heap   total 209920K, used 166042K [0x0000000080000000, 0x0000000100000000)
  region size 1024K, 75 young (76800K), 7 survivors (7168K)
 Metaspace       used 86638K, committed 87488K, reserved 557056K
  class space    used 12256K, committed 12672K, reserved 425984K
}
Event: 37.634 GC heap after
{Heap after GC invocations=41 (full 0):
 garbage-first heap   total 209920K, used 109481K [0x0000000080000000, 0x0000000100000000)
  region size 1024K, 10 young (10240K), 10 survivors (10240K)
 Metaspace       used 86638K, committed 87488K, reserved 557056K
  class space    used 12256K, committed 12672K, reserved 425984K
}
Event: 38.587 GC heap before
{Heap before GC invocations=41 (full 0):
 garbage-first heap   total 209920K, used 136105K [0x0000000080000000, 0x0000000100000000)
  region size 1024K, 37 young (37888K), 10 survivors (10240K)
 Metaspace       used 87305K, committed 88128K, reserved 557056K
  class space    used 12335K, committed 12736K, reserved 425984K
}
Event: 38.604 GC heap after
{Heap after GC invocations=42 (full 0):
 garbage-first heap   total 209920K, used 114455K [0x0000000080000000, 0x0000000100000000)
  region size 1024K, 4 young (4096K), 4 survivors (4096K)
 Metaspace       used 87305K, committed 88128K, reserved 557056K
  class space    used 12335K, committed 12736K, reserved 425984K
}
Event: 40.590 GC heap before
{Heap before GC invocations=43 (full 0):
 garbage-first heap   total 209920K, used 170775K [0x0000000080000000, 0x0000000100000000)
  region size 1024K, 56 young (57344K), 4 survivors (4096K)
 Metaspace       used 87793K, committed 88640K, reserved 557056K
  class space    used 12401K, committed 12800K, reserved 425984K
}
Event: 40.615 GC heap after
{Heap after GC invocations=44 (full 0):
 garbage-first heap   total 209920K, used 132212K [0x0000000080000000, 0x0000000100000000)
  region size 1024K, 7 young (7168K), 7 survivors (7168K)
 Metaspace       used 87793K, committed 88640K, reserved 557056K
  class space    used 12401K, committed 12800K, reserved 425984K
}
Event: 40.772 GC heap before
{Heap before GC invocations=44 (full 0):
 garbage-first heap   total 209920K, used 134260K [0x0000000080000000, 0x0000000100000000)
  region size 1024K, 10 young (10240K), 7 survivors (7168K)
 Metaspace       used 87800K, committed 88704K, reserved 557056K
  class space    used 12401K, committed 12800K, reserved 425984K
}
Event: 40.825 GC heap after
{Heap after GC invocations=45 (full 0):
 garbage-first heap   total 209920K, used 133627K [0x0000000080000000, 0x0000000100000000)
  region size 1024K, 1 young (1024K), 1 survivors (1024K)
 Metaspace       used 87800K, committed 88704K, reserved 557056K
  class space    used 12401K, committed 12800K, reserved 425984K
}
Event: 41.735 GC heap before
{Heap before GC invocations=45 (full 0):
 garbage-first heap   total 209920K, used 171515K [0x0000000080000000, 0x0000000100000000)
  region size 1024K, 36 young (36864K), 1 survivors (1024K)
 Metaspace       used 88604K, committed 89472K, reserved 557056K
  class space    used 12496K, committed 12928K, reserved 425984K
}
Event: 41.744 GC heap after
{Heap after GC invocations=46 (full 0):
 garbage-first heap   total 209920K, used 142104K [0x0000000080000000, 0x0000000100000000)
  region size 1024K, 5 young (5120K), 5 survivors (5120K)
 Metaspace       used 88604K, committed 89472K, reserved 557056K
  class space    used 12496K, committed 12928K, reserved 425984K
}
Event: 42.343 GC heap before
{Heap before GC invocations=47 (full 0):
 garbage-first heap   total 260096K, used 166680K [0x0000000080000000, 0x0000000100000000)
  region size 1024K, 30 young (30720K), 5 survivors (5120K)
 Metaspace       used 90518K, committed 91392K, reserved 557056K
  class space    used 12770K, committed 13184K, reserved 425984K
}
Event: 42.357 GC heap after
{Heap after GC invocations=48 (full 0):
 garbage-first heap   total 260096K, used 143308K [0x0000000080000000, 0x0000000100000000)
  region size 1024K, 2 young (2048K), 2 survivors (2048K)
 Metaspace       used 90518K, committed 91392K, reserved 557056K
  class space    used 12770K, committed 13184K, reserved 425984K
}
Event: 42.549 GC heap before
{Heap before GC invocations=48 (full 0):
 garbage-first heap   total 260096K, used 153548K [0x0000000080000000, 0x0000000100000000)
  region size 1024K, 12 young (12288K), 2 survivors (2048K)
 Metaspace       used 91365K, committed 92288K, reserved 557056K
  class space    used 12933K, committed 13376K, reserved 425984K
}
Event: 42.557 GC heap after
{Heap after GC invocations=49 (full 0):
 garbage-first heap   total 312320K, used 142683K [0x0000000080000000, 0x0000000100000000)
  region size 1024K, 1 young (1024K), 1 survivors (1024K)
 Metaspace       used 91365K, committed 92288K, reserved 557056K
  class space    used 12933K, committed 13376K, reserved 425984K
}
Event: 44.890 GC heap before
{Heap before GC invocations=49 (full 0):
 garbage-first heap   total 312320K, used 231771K [0x0000000080000000, 0x0000000100000000)
  region size 1024K, 88 young (90112K), 1 survivors (1024K)
 Metaspace       used 96131K, committed 97088K, reserved 557056K
  class space    used 13510K, committed 13952K, reserved 425984K
}
Event: 44.908 GC heap after
{Heap after GC invocations=50 (full 0):
 garbage-first heap   total 312320K, used 150683K [0x0000000080000000, 0x0000000100000000)
  region size 1024K, 9 young (9216K), 9 survivors (9216K)
 Metaspace       used 96131K, committed 97088K, reserved 557056K
  class space    used 13510K, committed 13952K, reserved 425984K
}
Event: 46.402 GC heap before
{Heap before GC invocations=50 (full 0):
 garbage-first heap   total 312320K, used 240795K [0x0000000080000000, 0x0000000100000000)
  region size 1024K, 98 young (100352K), 9 survivors (9216K)
 Metaspace       used 97435K, committed 98432K, reserved 557056K
  class space    used 13644K, committed 14144K, reserved 425984K
}
Event: 46.425 GC heap after
{Heap after GC invocations=51 (full 0):
 garbage-first heap   total 312320K, used 157678K [0x0000000080000000, 0x0000000100000000)
  region size 1024K, 8 young (8192K), 8 survivors (8192K)
 Metaspace       used 97435K, committed 98432K, reserved 557056K
  class space    used 13644K, committed 14144K, reserved 425984K
}

